<?xml version="1.0" encoding="UTF-8"?>
<!-- Generated by org.testng.reporters.JUnitReportReporter -->
<testsuite hostname="SIVAHP" failures="0" tests="1" name="com.inetbanking.testCases.TC_AddCustomerTest_003" time="70.802" errors="0" timestamp="02 May 2020 06:42:52 GMT" skipped="0">
  <testcase classname="com.inetbanking.testCases.TC_AddCustomerTest_003" name="addNewCustomer" time="70.802"/>
</testsuite> <!-- com.inetbanking.testCases.TC_AddCustomerTest_003 -->
